2021-03-21 23:44:07,730 INFO o.d.DriverManager [main] Browser driver open
2021-03-21 23:44:11,711 INFO o.d.DriverManager [main] Browser driver closed
2021-03-21 23:59:56,610 INFO o.d.DriverManager [main] Browser driver open
2021-03-22 00:00:01,154 INFO o.d.DriverManager [main] Browser driver closed
2021-03-22 00:42:03,415 INFO o.d.DriverManager [main] Browser driver open
2021-03-22 00:42:06,033 INFO o.p.MainPage [main] Home page is open
2021-03-22 00:42:06,953 INFO o.d.DriverManager [main] Browser driver closed
2021-03-22 00:43:13,155 INFO o.d.DriverManager [main] Browser driver open
2021-03-22 00:43:43,925 INFO o.p.MainPage [main] Home page is open
2021-03-22 00:46:45,342 INFO o.d.DriverManager [main] Browser driver open
2021-03-22 00:46:48,158 INFO o.p.MainPage [main] Home page is open
2021-03-22 00:46:49,026 INFO o.d.DriverManager [main] Browser driver closed
2021-03-22 00:47:16,971 INFO o.d.DriverManager [main] Browser driver open
2021-03-22 00:47:19,491 INFO o.p.MainPage [main] Home page is open
2021-03-22 00:47:20,411 INFO o.d.DriverManager [main] Browser driver closed
2021-03-22 00:48:55,082 INFO o.d.DriverManager [main] Browser driver open
2021-03-22 00:48:58,998 INFO o.p.MainPage [main] Home page is open
2021-03-22 00:48:59,937 INFO o.d.DriverManager [main] Browser driver closed
2021-03-22 00:49:23,691 INFO o.d.DriverManager [main] Browser driver open
2021-03-22 00:49:26,119 INFO o.p.MainPage [main] Home page is open
2021-03-22 00:49:26,978 INFO o.d.DriverManager [main] Browser driver closed
2021-03-22 00:49:50,291 INFO o.d.DriverManager [main] Browser driver open
2021-03-22 00:49:52,792 INFO o.p.MainPage [main] Home page is open
2021-03-22 00:50:42,059 INFO o.d.DriverManager [main] Browser driver closed
2021-03-22 00:53:22,306 INFO o.d.DriverManager [main] Browser driver open
2021-03-22 00:53:24,795 INFO o.p.MainPage [main] Home page is open
2021-03-22 00:53:25,714 INFO o.d.DriverManager [main] Browser driver closed
2021-03-22 00:54:21,988 INFO o.d.DriverManager [main] Browser driver open
2021-03-22 00:54:24,465 INFO o.p.MainPage [main] Home page is open
2021-03-22 00:55:32,598 INFO o.d.DriverManager [main] Browser driver open
2021-03-22 00:55:35,204 INFO o.p.MainPage [main] Home page is open
2021-03-22 00:55:36,194 INFO o.d.DriverManager [main] Browser driver closed
2021-03-22 00:55:55,589 INFO o.d.DriverManager [main] Browser driver open
2021-03-22 00:55:58,181 INFO o.p.MainPage [main] Home page is open
2021-03-22 00:55:59,037 INFO o.d.DriverManager [main] Browser driver closed
2021-03-22 00:56:11,980 INFO o.d.DriverManager [main] Browser driver open
2021-03-22 00:56:15,398 INFO o.p.MainPage [main] Home page is open
2021-03-22 01:00:03,814 INFO o.d.DriverManager [main] Browser driver open
2021-03-22 01:00:27,684 INFO o.d.DriverManager [main] Browser driver open
2021-03-22 01:00:48,742 INFO o.d.DriverManager [main] Browser driver closed
2021-03-22 01:01:40,143 INFO o.d.DriverManager [main] Browser driver open
2021-03-22 01:02:01,211 INFO o.d.DriverManager [main] Browser driver closed
2021-03-22 01:02:38,911 INFO o.d.DriverManager [main] Browser driver open
2021-03-22 01:02:42,635 INFO o.p.MainPage [main] Home page is open
2021-03-22 01:02:42,637 INFO o.p.MainPage [main] Open authorization page
2021-03-22 01:02:43,474 INFO o.d.DriverManager [main] Browser driver closed
2021-03-22 01:03:05,491 INFO o.d.DriverManager [main] Browser driver open
2021-03-22 09:46:21,170 INFO o.d.DriverManager [main] Browser driver open
2021-03-22 09:46:25,652 INFO o.p.MainPage [main] Home page is open
2021-03-22 09:46:26,321 INFO o.p.MainPage [main] Open authorization page
2021-03-22 09:46:27,257 INFO o.d.DriverManager [main] Browser driver closed
2021-03-22 09:47:11,916 INFO o.d.DriverManager [main] Browser driver open
2021-03-22 09:47:33,455 INFO o.p.MainPage [main] Home page is open
2021-03-22 09:47:58,245 INFO o.p.MainPage [main] Open authorization page
2021-03-22 09:48:21,546 INFO o.d.DriverManager [main] Browser driver open
2021-03-22 09:48:24,670 INFO o.p.MainPage [main] Home page is open
2021-03-22 09:48:25,338 INFO o.p.MainPage [main] Open authorization page
2021-03-22 09:48:26,297 INFO o.d.DriverManager [main] Browser driver closed
2021-03-22 09:51:38,827 INFO o.d.DriverManager [main] Browser driver open
2021-03-22 09:51:43,488 INFO o.p.MainPage [main] Home page is open
2021-03-22 09:51:44,331 INFO o.d.DriverManager [main] Browser driver closed
2021-03-22 09:52:15,503 INFO o.d.DriverManager [main] Browser driver open
2021-03-22 09:52:18,872 INFO o.p.MainPage [main] Home page is open
2021-03-29 22:18:42,153 INFO o.d.DriverManager [main] Browser driver open
2021-03-29 22:18:44,910 INFO o.p.MainPage [main] Home page is open
2021-03-29 22:18:46,644 INFO o.d.DriverManager [main] Browser driver closed
2021-03-29 22:21:54,515 INFO o.d.DriverManager [main] Browser driver open
2021-03-29 22:21:57,143 INFO o.p.MainPage [main] Home page is open
2021-03-29 22:21:58,026 INFO o.d.DriverManager [main] Browser driver closed
2021-03-29 22:22:23,021 INFO o.d.DriverManager [main] Browser driver open
2021-03-29 22:22:25,983 INFO o.p.MainPage [main] Home page is open
2021-03-29 22:22:27,129 INFO o.d.DriverManager [main] Browser driver closed
2021-03-29 22:23:26,338 INFO o.d.DriverManager [main] Browser driver open
2021-03-29 22:23:53,309 INFO o.d.DriverManager [main] Browser driver open
2021-03-29 22:31:04,056 INFO o.d.DriverManager [main] Browser driver open
2021-03-29 22:31:06,947 INFO o.p.MainPage [main] Home page is open
2021-03-29 22:31:07,718 INFO o.p.MainPage [main] Open authorization page
2021-03-29 22:31:09,773 INFO o.d.DriverManager [main] Browser driver closed
2021-03-29 22:31:22,130 INFO o.d.DriverManager [main] Browser driver open
2021-03-29 22:31:26,383 INFO o.p.MainPage [main] Home page is open
2021-03-29 22:31:27,515 INFO o.p.MainPage [main] Open authorization page
2021-03-29 22:31:28,487 INFO o.d.DriverManager [main] Browser driver closed
2021-03-29 22:31:52,848 INFO o.d.DriverManager [main] Browser driver open
2021-03-29 22:31:56,178 INFO o.p.MainPage [main] Home page is open
2021-03-29 22:31:57,369 INFO o.p.MainPage [main] Open authorization page
2021-03-29 22:31:58,272 INFO o.d.DriverManager [main] Browser driver closed
2021-03-29 22:33:19,369 INFO o.d.DriverManager [main] Browser driver open
2021-03-29 22:33:22,648 INFO o.p.MainPage [main] Home page is open
2021-03-29 22:33:23,493 INFO o.p.MainPage [main] Open authorization page
2021-03-29 22:33:23,511 DEBUG o.p.AuthPage [main] Checking whether it is on the authorization pages
2021-03-29 22:33:24,928 INFO o.d.DriverManager [main] Browser driver closed
2021-03-29 22:33:52,935 INFO o.d.DriverManager [main] Browser driver open
2021-03-29 22:33:55,877 INFO o.p.MainPage [main] Home page is open
2021-03-29 22:33:56,748 INFO o.p.MainPage [main] Open authorization page
2021-03-29 22:33:56,775 DEBUG o.p.AuthPage [main] Checking whether it is on the authorization pages
2021-03-29 22:33:57,906 INFO o.d.DriverManager [main] Browser driver closed
2021-03-29 23:39:00,192 INFO o.d.DriverManager [main] Browser driver open
2021-03-29 23:39:01,634 INFO o.d.DriverManager [main] Browser driver open
2021-03-29 23:39:02,489 INFO o.d.DriverManager [main] Browser driver closed
2021-03-29 23:39:03,226 INFO o.d.DriverManager [main] Browser driver closed
2021-03-29 23:39:57,348 INFO o.d.DriverManager [main] Browser driver open
2021-03-29 23:39:58,293 INFO o.d.DriverManager [main] Browser driver closed
2021-03-29 23:41:00,660 INFO o.d.DriverManager [main] Browser driver open
2021-03-29 23:41:01,546 INFO o.d.DriverManager [main] Browser driver closed
2021-03-29 23:42:14,406 INFO o.d.DriverManager [main] Browser driver open
2021-03-29 23:42:16,915 INFO o.p.MainPage [main] Home page is open
2021-03-29 23:42:17,749 INFO o.p.MainPage [main] Open authorization page
2021-03-29 23:42:17,768 DEBUG o.p.AuthPage [main] Checking whether it is on the authorization pages
2021-03-29 23:42:17,769 DEBUG o.p.AuthPage [main] Filling in the E-mail field
2021-03-29 23:42:17,769 DEBUG o.p.AuthPage [main] Filling in the password field
2021-03-29 23:42:18,111 INFO o.p.AuthPage [main] Authorization passed
2021-03-29 23:42:39,123 INFO o.d.DriverManager [main] Browser driver closed
2021-03-29 23:44:48,280 INFO o.d.DriverManager [main] Browser driver open
2021-03-29 23:44:51,143 INFO o.p.MainPage [main] Home page is open
2021-03-29 23:44:51,947 INFO o.p.MainPage [main] Open authorization page
2021-03-29 23:44:51,964 DEBUG o.p.AuthPage [main] Checking whether it is on the authorization pages
2021-03-29 23:44:51,964 DEBUG o.p.AuthPage [main] Filling in the E-mail field
2021-03-29 23:44:51,965 DEBUG o.p.AuthPage [main] Filling in the password field
2021-03-29 23:44:52,601 INFO o.p.AuthPage [main] Authorization passed
2021-03-29 23:47:14,146 INFO o.d.DriverManager [main] Browser driver open
2021-03-29 23:47:17,168 INFO o.p.MainPage [main] Home page is open
2021-03-29 23:47:26,243 INFO o.p.MainPage [main] Open authorization page
2021-03-29 23:47:42,415 DEBUG o.p.AuthPage [main] Checking whether it is on the authorization pages
2021-03-29 23:47:42,416 DEBUG o.p.AuthPage [main] Filling in the E-mail field
2021-03-29 23:47:42,417 DEBUG o.p.AuthPage [main] Filling in the password field
2021-03-29 23:47:42,751 INFO o.p.AuthPage [main] Authorization passed
2021-03-29 23:55:32,835 INFO o.d.DriverManager [main] Browser driver open
2021-03-29 23:55:35,452 INFO o.p.MainPage [main] Home page is open
2021-03-29 23:55:36,305 INFO o.p.MainPage [main] Open authorization page
2021-03-29 23:55:36,868 DEBUG o.p.AuthPage [main] Checking whether it is on the authorization pages
2021-03-29 23:55:37,274 DEBUG o.p.AuthPage [main] Filling in the E-mail field
2021-03-29 23:55:37,501 DEBUG o.p.AuthPage [main] Filling in the password field
2021-03-29 23:55:37,606 INFO o.p.AuthPage [main] Authorization passed
2021-03-29 23:55:39,334 DEBUG o.p.AuthPage [main] Checking the login to my profile
2021-03-29 23:55:39,335 INFO o.p.AuthPage [main] Authorization passed
2021-03-29 23:55:40,222 INFO o.d.DriverManager [main] Browser driver closed
2021-03-29 23:56:49,653 INFO o.d.DriverManager [main] Browser driver open
2021-03-29 23:56:52,066 INFO o.p.MainPage [main] Home page is open
2021-03-29 23:56:52,991 INFO o.p.MainPage [main] Open authorization page
2021-03-29 23:56:53,676 DEBUG o.p.AuthPage [main] Checking whether it is on the authorization pages
2021-03-29 23:56:54,089 DEBUG o.p.AuthPage [main] Filling in the E-mail field
2021-03-29 23:56:54,341 DEBUG o.p.AuthPage [main] Filling in the password field
2021-03-29 23:56:54,467 INFO o.p.AuthPage [main] Authorization passed
2021-03-29 23:56:56,295 DEBUG o.p.AuthPage [main] Checking the login to my profile
2021-03-29 23:56:56,296 INFO o.p.AuthPage [main] Authorization passed
2021-03-29 23:56:57,571 INFO o.d.DriverManager [main] Browser driver closed
2021-03-30 00:01:32,744 INFO o.d.DriverManager [main] Browser driver open
2021-03-30 00:01:35,809 INFO o.p.MainPage [main] Home page is open
2021-03-30 00:01:36,646 INFO o.p.MainPage [main] Open authorization page
2021-03-30 00:01:37,231 DEBUG o.p.AuthPage [main] Checking whether it is on the authorization pages
2021-03-30 00:01:37,616 DEBUG o.p.AuthPage [main] Filling in the E-mail field
2021-03-30 00:01:37,899 DEBUG o.p.AuthPage [main] Filling in the password field
2021-03-30 00:01:38,012 INFO o.p.AuthPage [main] Authorization passed
2021-03-30 00:01:39,882 DEBUG o.p.AuthPage [main] Checking the login to my profile
2021-03-30 00:01:39,882 INFO o.p.AuthPage [main] Authorization passed
2021-03-30 00:01:40,767 INFO o.d.DriverManager [main] Browser driver closed
2021-03-30 00:52:23,052 INFO o.d.DriverManager [main] Browser driver open
2021-03-30 00:52:25,777 INFO o.p.MainPage [main] Home page is open
2021-03-30 00:52:26,663 INFO o.p.MainPage [main] Open authorization page
2021-03-30 00:52:27,223 DEBUG o.p.AuthPage [main] Checking whether it is on the authorization pages
2021-03-30 00:52:27,630 DEBUG o.p.AuthPage [main] Filling in the E-mail field
2021-03-30 00:52:27,812 DEBUG o.p.AuthPage [main] Filling in the password field
2021-03-30 00:52:27,898 INFO o.p.AuthPage [main] Authorization passed
2021-03-30 00:52:29,407 INFO o.d.DriverManager [main] Browser driver closed
2021-03-30 02:00:15,964 INFO o.d.DriverManager [main] Browser driver open
2021-03-30 02:00:16,954 INFO o.d.DriverManager [main] Browser driver closed
2021-03-30 02:01:37,938 INFO o.d.DriverManager [main] Browser driver open
2021-03-30 02:01:38,862 INFO o.d.DriverManager [main] Browser driver closed
2021-03-30 02:05:28,664 INFO o.d.DriverManager [main] Browser driver open
2021-03-30 02:05:29,584 INFO o.d.DriverManager [main] Browser driver closed
2021-03-30 02:12:28,244 INFO o.d.DriverManager [main] Browser driver open
2021-03-30 02:12:30,985 INFO o.p.MainPage [main] Home page is open
2021-03-30 02:12:32,166 INFO o.p.MainPage [main] Open authorization page
2021-03-30 02:18:23,894 INFO o.d.DriverManager [main] Browser driver open
2021-03-30 02:18:26,520 INFO o.p.MainPage [main] Home page is open
2021-03-30 02:18:27,339 INFO o.p.MainPage [main] Open authorization page
2021-03-30 02:18:28,801 INFO o.d.DriverManager [main] Browser driver closed
2021-03-30 02:20:14,431 INFO o.d.DriverManager [main] Browser driver open
2021-03-30 02:20:17,676 INFO o.p.MainPage [main] Home page is open
2021-03-30 02:20:18,841 INFO o.p.MainPage [main] Open authorization page
2021-03-30 02:20:20,502 INFO o.d.DriverManager [main] Browser driver closed
2021-03-30 02:22:50,694 INFO o.d.DriverManager [main] Browser driver open
2021-03-30 02:22:53,591 INFO o.p.MainPage [main] Home page is open
2021-03-30 02:22:54,690 INFO o.p.MainPage [main] Open authorization page
2021-03-30 02:26:31,319 INFO o.d.DriverManager [main] Browser driver open
2021-03-30 02:26:34,019 INFO o.p.MainPage [main] Home page is open
2021-03-30 02:26:34,993 INFO o.p.MainPage [main] Open authorization page
2021-03-30 02:29:02,325 INFO o.d.DriverManager [main] Browser driver open
2021-03-30 02:29:04,873 INFO o.p.MainPage [main] Home page is open
2021-03-30 02:29:06,005 INFO o.p.MainPage [main] Open authorization page
2021-03-30 02:38:32,820 INFO o.d.DriverManager [main] Browser driver open
2021-03-30 02:38:34,847 INFO o.p.MainPage [main] Home page is open
2021-03-30 02:38:35,362 INFO o.p.MainPage [main] Open authorization page
2021-03-30 02:49:04,122 INFO o.d.DriverManager [main] Browser driver open
2021-03-30 02:49:06,125 INFO o.p.MainPage [main] Home page is open
2021-03-30 02:49:06,631 INFO o.p.MainPage [main] Open authorization page
2021-03-30 02:49:10,037 DEBUG o.p.RegisterPage [main] Checking the login to my profile
2021-03-30 02:49:10,037 INFO o.p.RegisterPage [main] Registration passed
2021-03-30 02:49:10,860 INFO o.d.DriverManager [main] Browser driver closed
2021-03-30 03:18:00,333 INFO o.d.DriverManager [main] Browser driver open
2021-03-30 03:18:02,463 INFO o.p.MainPage [main] Home page is open
2021-03-30 03:18:03,193 INFO o.p.MainPage [main] Open authorization page
2021-03-30 03:19:13,594 INFO o.d.DriverManager [main] Browser driver open
2021-03-30 03:19:15,652 INFO o.p.MainPage [main] Home page is open
2021-03-30 03:19:16,248 INFO o.p.MainPage [main] Open authorization page
2021-03-30 03:20:36,770 INFO o.d.DriverManager [main] Browser driver open
2021-03-30 03:20:39,065 INFO o.p.MainPage [main] Home page is open
2021-03-30 03:20:39,917 INFO o.p.MainPage [main] Open authorization page
2021-03-30 03:21:57,945 INFO o.d.DriverManager [main] Browser driver open
2021-03-30 03:22:01,622 INFO o.p.MainPage [main] Home page is open
2021-03-30 03:22:02,207 INFO o.p.MainPage [main] Open authorization page
2021-03-30 03:22:18,329 INFO o.d.DriverManager [main] Browser driver closed
2021-03-30 13:29:28,871 INFO o.d.DriverManager [main] Browser driver open
2021-03-30 13:29:39,921 INFO o.p.MainPage [main] Home page is open
2021-03-30 13:29:40,545 INFO o.p.MainPage [main] Open authorization page
2021-03-30 13:30:06,975 INFO o.d.DriverManager [main] Browser driver closed
2021-03-30 13:30:43,212 INFO o.d.DriverManager [main] Browser driver open
2021-03-30 13:30:47,471 INFO o.p.MainPage [main] Home page is open
2021-03-30 13:30:48,180 INFO o.p.MainPage [main] Open authorization page
2021-03-30 13:31:29,153 INFO o.d.DriverManager [main] Browser driver closed
2021-03-30 13:34:45,044 INFO o.d.DriverManager [main] Browser driver open
2021-03-30 13:34:48,215 INFO o.p.MainPage [main] Home page is open
2021-03-30 13:34:48,800 INFO o.p.MainPage [main] Open authorization page
2021-03-30 13:34:55,398 INFO o.d.DriverManager [main] Browser driver closed
2021-03-30 13:35:41,596 INFO o.d.DriverManager [main] Browser driver open
2021-03-30 13:35:45,371 INFO o.p.MainPage [main] Home page is open
2021-03-30 13:35:45,932 INFO o.p.MainPage [main] Open authorization page
2021-03-30 13:35:52,456 INFO o.d.DriverManager [main] Browser driver closed
2021-03-30 21:20:27,416 INFO o.d.DriverManager [main] Browser driver open
2021-03-30 21:20:31,095 INFO o.p.MainPage [main] Home page is open
2021-03-30 21:20:31,668 INFO o.p.MainPage [main] Open authorization page
2021-03-30 21:20:38,053 INFO o.d.DriverManager [main] Browser driver closed
2021-03-30 21:42:54,570 INFO o.d.DriverManager [main] Browser driver open
2021-03-30 21:42:57,097 INFO o.p.MainPage [main] Home page is open
2021-03-30 21:42:57,916 INFO o.d.DriverManager [main] Browser driver closed
2021-03-30 21:43:26,369 INFO o.d.DriverManager [main] Browser driver open
2021-03-30 21:43:28,590 INFO o.p.MainPage [main] Home page is open
2021-03-30 21:43:51,670 INFO o.d.DriverManager [main] Browser driver closed
2021-03-30 21:44:31,653 INFO o.d.DriverManager [main] Browser driver open
2021-03-30 21:44:33,952 INFO o.p.MainPage [main] Home page is open
2021-03-30 21:44:37,680 INFO o.d.DriverManager [main] Browser driver closed
2021-03-30 22:16:15,078 INFO o.d.DriverManager [main] Browser driver open
2021-03-30 22:16:17,491 INFO o.p.MainPage [main] Home page is open
2021-03-30 22:16:18,070 INFO o.p.MainPage [main] Open authorization page
2021-03-30 22:16:18,736 DEBUG o.p.AuthPage [main] Checking whether it is on the authorization pages
2021-03-30 22:16:18,954 DEBUG o.p.AuthPage [main] Filling in the E-mail field
2021-03-30 22:16:19,135 DEBUG o.p.AuthPage [main] Filling in the password field
2021-03-30 22:16:19,198 INFO o.p.AuthPage [main] Authorization passed
2021-03-30 22:16:21,614 DEBUG o.p.AuthPage [main] Checking the login to my profile
2021-03-30 22:16:21,614 INFO o.p.AuthPage [main] Authorization passed
2021-03-30 22:16:23,103 INFO o.p.MainPage [main] Go to my profile
2021-03-30 22:16:24,188 DEBUG o.p.ProfilePage [main] Filing in the lastin last name field
2021-03-30 22:16:24,349 DEBUG o.p.ProfilePage [main] Filing in the latin first name field
2021-03-30 22:16:25,695 DEBUG o.p.ProfilePage [main] Checking data storage
2021-03-30 22:16:25,695 INFO o.p.ProfilePage [main] Data change successfully
2021-03-30 22:16:28,029 INFO o.d.DriverManager [main] Browser driver closed
2021-03-30 22:33:02,951 INFO o.d.DriverManager [main] Browser driver open
2021-03-30 22:33:05,421 INFO o.p.MainPage [main] Home page is open
2021-03-30 22:33:06,046 INFO o.p.MainPage [main] Open authorization page
2021-03-30 22:33:06,433 DEBUG o.p.AuthPage [main] Checking whether it is on the authorization pages
2021-03-30 22:33:06,681 DEBUG o.p.AuthPage [main] Filling in the E-mail field
2021-03-30 22:33:06,849 DEBUG o.p.AuthPage [main] Filling in the password field
2021-03-30 22:33:06,919 INFO o.p.AuthPage [main] Authorization passed
2021-03-30 22:33:09,054 DEBUG o.p.AuthPage [main] Checking the login to my profile
2021-03-30 22:33:09,054 INFO o.p.AuthPage [main] Authorization passed
2021-03-30 22:33:11,175 INFO o.p.MainPage [main] Go to my profile
2021-03-30 22:33:12,458 DEBUG o.p.ProfilePage [main] Adding an additional contact
2021-03-30 22:33:12,920 DEBUG o.p.ProfilePage [main] Adding an additional contact
2021-03-30 22:33:49,244 INFO o.d.DriverManager [main] Browser driver open
2021-03-30 22:33:51,737 INFO o.p.MainPage [main] Home page is open
2021-03-30 22:33:52,327 INFO o.p.MainPage [main] Open authorization page
2021-03-30 22:33:52,919 DEBUG o.p.AuthPage [main] Checking whether it is on the authorization pages
2021-03-30 22:33:53,141 DEBUG o.p.AuthPage [main] Filling in the E-mail field
2021-03-30 22:33:53,301 DEBUG o.p.AuthPage [main] Filling in the password field
2021-03-30 22:33:53,389 INFO o.p.AuthPage [main] Authorization passed
2021-03-30 22:33:56,352 DEBUG o.p.AuthPage [main] Checking the login to my profile
2021-03-30 22:33:56,352 INFO o.p.AuthPage [main] Authorization passed
2021-03-30 22:33:57,817 INFO o.p.MainPage [main] Go to my profile
2021-03-30 22:33:59,154 DEBUG o.p.ProfilePage [main] Adding an additional contact
2021-03-30 22:33:59,635 DEBUG o.p.ProfilePage [main] Adding an additional contact
2021-03-30 22:34:01,140 DEBUG o.p.ProfilePage [main] Checking data storage
2021-03-30 22:34:01,140 INFO o.p.ProfilePage [main] Data change successfully
2021-03-30 22:34:03,004 INFO o.d.DriverManager [main] Browser driver closed
2021-03-30 22:35:33,518 INFO o.d.DriverManager [main] Browser driver open
2021-03-30 22:35:35,872 INFO o.p.MainPage [main] Home page is open
2021-03-30 22:35:36,474 INFO o.p.MainPage [main] Open authorization page
2021-03-30 22:35:36,894 DEBUG o.p.AuthPage [main] Checking whether it is on the authorization pages
2021-03-30 22:35:37,127 DEBUG o.p.AuthPage [main] Filling in the E-mail field
2021-03-30 22:35:37,281 DEBUG o.p.AuthPage [main] Filling in the password field
2021-03-30 22:35:37,344 INFO o.p.AuthPage [main] Authorization passed
2021-03-30 22:35:39,773 DEBUG o.p.AuthPage [main] Checking the login to my profile
2021-03-30 22:35:39,774 INFO o.p.AuthPage [main] Authorization passed
2021-03-30 22:35:41,206 INFO o.p.MainPage [main] Go to my profile
2021-03-30 22:35:42,480 DEBUG o.p.ProfilePage [main] Adding an additional contact
2021-03-30 22:35:42,952 DEBUG o.p.ProfilePage [main] Adding an additional contact
2021-03-30 22:35:44,322 DEBUG o.p.ProfilePage [main] Checking data storage
2021-03-30 22:35:44,322 INFO o.p.ProfilePage [main] Data change successfully
2021-03-30 22:35:46,804 INFO o.d.DriverManager [main] Browser driver closed
2021-03-30 22:37:16,200 INFO o.d.DriverManager [main] Browser driver open
2021-03-30 22:37:18,382 INFO o.p.MainPage [main] Home page is open
2021-03-30 22:37:18,957 INFO o.p.MainPage [main] Open authorization page
2021-03-30 22:37:19,298 DEBUG o.p.AuthPage [main] Checking whether it is on the authorization pages
2021-03-30 22:37:19,551 DEBUG o.p.AuthPage [main] Filling in the E-mail field
2021-03-30 22:37:19,694 DEBUG o.p.AuthPage [main] Filling in the password field
2021-03-30 22:37:19,754 INFO o.p.AuthPage [main] Authorization passed
2021-03-30 22:37:22,277 DEBUG o.p.AuthPage [main] Checking the login to my profile
2021-03-30 22:37:22,278 INFO o.p.AuthPage [main] Authorization passed
2021-03-30 22:37:23,834 INFO o.p.MainPage [main] Go to my profile
2021-03-30 22:37:25,109 DEBUG o.p.ProfilePage [main] Adding an additional contact
2021-03-30 22:37:25,582 DEBUG o.p.ProfilePage [main] Adding an additional contact
2021-03-30 22:37:26,946 DEBUG o.p.ProfilePage [main] Checking data storage
2021-03-30 22:37:26,946 INFO o.p.ProfilePage [main] Data change successfully
2021-03-30 22:37:31,306 INFO o.d.DriverManager [main] Browser driver closed
2021-03-30 23:07:15,473 INFO o.d.DriverManager [main] Browser driver open
2021-03-30 23:07:20,113 INFO o.d.DriverManager [main] Browser driver closed
2021-03-30 23:07:57,970 INFO o.d.DriverManager [main] Browser driver open
2021-03-30 23:10:49,286 INFO o.d.DriverManager [main] Browser driver open
2021-03-30 23:10:55,355 INFO o.d.DriverManager [main] Browser driver closed
2021-03-31 16:49:53,780 INFO o.d.DriverManager [main] Browser driver open
2021-03-31 16:49:55,172 INFO o.d.DriverManager [main] Browser driver open
2021-03-31 16:49:58,597 INFO o.p.MainPage [main] Home page is open
2021-03-31 16:49:59,387 INFO o.p.MainPage [main] Open authorization page
2021-03-31 16:50:00,201 DEBUG o.p.AuthPage [main] Checking whether it is on the authorization pages
2021-03-31 16:50:00,572 DEBUG o.p.AuthPage [main] Filling in the E-mail field
2021-03-31 16:50:00,751 DEBUG o.p.AuthPage [main] Filling in the password field
2021-03-31 16:50:00,830 INFO o.p.AuthPage [main] Authorization passed
2021-03-31 16:50:02,844 DEBUG o.p.AuthPage [main] Checking the login to my profile
2021-03-31 16:50:02,844 INFO o.p.AuthPage [main] Authorization passed
2021-03-31 16:50:04,759 INFO o.p.MainPage [main] Go to my profile
2021-03-31 16:50:15,636 INFO o.d.DriverManager [main] Browser driver closed
2021-03-31 16:50:16,457 INFO o.d.DriverManager [main] Browser driver closed
2021-03-31 16:50:59,904 INFO o.d.DriverManager [main] Browser driver open
2021-03-31 16:51:01,263 INFO o.d.DriverManager [main] Browser driver open
2021-03-31 16:51:03,728 INFO o.p.MainPage [main] Home page is open
2021-03-31 16:51:04,340 INFO o.p.MainPage [main] Open authorization page
2021-03-31 16:51:04,605 DEBUG o.p.AuthPage [main] Checking whether it is on the authorization pages
2021-03-31 16:51:04,880 DEBUG o.p.AuthPage [main] Filling in the E-mail field
2021-03-31 16:51:05,253 DEBUG o.p.AuthPage [main] Filling in the password field
2021-03-31 16:51:05,352 INFO o.p.AuthPage [main] Authorization passed
2021-03-31 16:51:07,010 DEBUG o.p.AuthPage [main] Checking the login to my profile
2021-03-31 16:51:07,010 INFO o.p.AuthPage [main] Authorization passed
2021-03-31 16:51:08,516 INFO o.p.MainPage [main] Go to my profile
2021-03-31 16:51:50,450 INFO o.d.DriverManager [main] Browser driver open
2021-03-31 16:51:51,757 INFO o.d.DriverManager [main] Browser driver open
2021-03-31 16:51:54,288 INFO o.p.MainPage [main] Home page is open
2021-03-31 16:51:54,892 INFO o.p.MainPage [main] Open authorization page
2021-03-31 16:51:55,091 DEBUG o.p.AuthPage [main] Checking whether it is on the authorization pages
2021-03-31 16:51:55,396 DEBUG o.p.AuthPage [main] Filling in the E-mail field
2021-03-31 16:52:49,832 INFO o.d.DriverManager [main] Browser driver open
2021-03-31 16:52:50,708 INFO o.d.DriverManager [main] Browser driver closed
2021-03-31 16:53:16,387 INFO o.d.DriverManager [main] Browser driver open
2021-03-31 16:53:18,669 INFO o.p.MainPage [main] Home page is open
2021-03-31 16:53:19,285 INFO o.p.MainPage [main] Open authorization page
2021-03-31 16:53:19,484 DEBUG o.p.AuthPage [main] Checking whether it is on the authorization pages
2021-03-31 16:53:19,952 DEBUG o.p.AuthPage [main] Filling in the E-mail field
2021-03-31 16:53:20,122 DEBUG o.p.AuthPage [main] Filling in the password field
2021-03-31 16:53:20,206 INFO o.p.AuthPage [main] Authorization passed
2021-03-31 16:53:22,095 DEBUG o.p.AuthPage [main] Checking the login to my profile
2021-03-31 16:53:22,095 INFO o.p.AuthPage [main] Authorization passed
2021-03-31 16:53:23,550 INFO o.p.MainPage [main] Go to my profile
2021-03-31 16:54:19,219 INFO o.d.DriverManager [main] Browser driver open
2021-03-31 16:54:21,640 INFO o.p.MainPage [main] Home page is open
2021-03-31 16:54:22,228 INFO o.p.MainPage [main] Open authorization page
2021-03-31 16:54:22,329 DEBUG o.p.AuthPage [main] Checking whether it is on the authorization pages
2021-03-31 16:54:22,832 DEBUG o.p.AuthPage [main] Filling in the E-mail field
2021-03-31 16:54:23,014 DEBUG o.p.AuthPage [main] Filling in the password field
2021-03-31 16:54:23,088 INFO o.p.AuthPage [main] Authorization passed
2021-03-31 16:54:25,045 DEBUG o.p.AuthPage [main] Checking the login to my profile
2021-03-31 16:54:25,046 INFO o.p.AuthPage [main] Authorization passed
2021-03-31 16:54:26,742 INFO o.p.MainPage [main] Go to my profile
2021-03-31 16:55:15,468 INFO o.d.DriverManager [main] Browser driver open
2021-03-31 16:55:18,381 INFO o.p.MainPage [main] Home page is open
2021-03-31 16:55:20,212 INFO o.p.MainPage [main] Open authorization page
2021-03-31 16:55:20,560 DEBUG o.p.AuthPage [main] Checking whether it is on the authorization pages
2021-03-31 16:55:23,353 DEBUG o.p.AuthPage [main] Filling in the E-mail field
2021-03-31 16:55:24,720 DEBUG o.p.AuthPage [main] Filling in the password field
2021-03-31 16:55:25,280 INFO o.p.AuthPage [main] Authorization passed
2021-03-31 16:55:28,207 DEBUG o.p.AuthPage [main] Checking the login to my profile
2021-03-31 16:55:28,208 INFO o.p.AuthPage [main] Authorization passed
2021-03-31 16:55:31,472 INFO o.p.MainPage [main] Go to my profile
2021-03-31 16:55:32,375 INFO o.d.DriverManager [main] Browser driver closed
2021-03-31 17:05:25,972 INFO o.d.DriverManager [main] Browser driver open
2021-03-31 17:05:41,948 INFO o.p.MainPage [main] Home page is open
2021-03-31 17:05:44,354 INFO o.p.MainPage [main] Open authorization page
2021-03-31 17:07:29,039 INFO o.d.DriverManager [main] Browser driver open
2021-03-31 17:07:33,630 INFO o.p.MainPage [main] Home page is open
2021-03-31 17:07:34,132 INFO o.p.MainPage [main] Open authorization page
2021-03-31 17:07:34,840 DEBUG o.p.AuthPage [main] Checking whether it is on the authorization pages
2021-03-31 17:07:35,096 DEBUG o.p.AuthPage [main] Filling in the E-mail field
2021-03-31 17:07:35,495 DEBUG o.p.AuthPage [main] Filling in the password field
2021-03-31 17:07:35,565 INFO o.p.AuthPage [main] Authorization passed
2021-03-31 17:07:37,948 DEBUG o.p.AuthPage [main] Checking the login to my profile
2021-03-31 17:07:37,948 INFO o.p.AuthPage [main] Authorization passed
2021-03-31 17:07:39,894 INFO o.p.MainPage [main] Go to my profile
2021-03-31 17:07:40,734 INFO o.d.DriverManager [main] Browser driver closed
2021-03-31 17:08:07,566 INFO o.d.DriverManager [main] Browser driver open
2021-03-31 17:08:09,711 INFO o.p.MainPage [main] Home page is open
2021-03-31 17:08:10,333 INFO o.p.MainPage [main] Open authorization page
2021-03-31 17:08:11,096 DEBUG o.p.AuthPage [main] Checking whether it is on the authorization pages
2021-03-31 17:08:11,383 DEBUG o.p.AuthPage [main] Filling in the E-mail field
2021-03-31 17:08:11,552 DEBUG o.p.AuthPage [main] Filling in the password field
2021-03-31 17:08:11,616 INFO o.p.AuthPage [main] Authorization passed
2021-03-31 17:08:13,375 DEBUG o.p.AuthPage [main] Checking the login to my profile
2021-03-31 17:08:13,375 INFO o.p.AuthPage [main] Authorization passed
2021-03-31 17:08:14,841 INFO o.p.MainPage [main] Go to my profile
2021-03-31 17:08:15,662 INFO o.d.DriverManager [main] Browser driver closed
2021-03-31 17:13:37,821 INFO o.d.DriverManager [main] Browser driver open
2021-03-31 17:13:40,347 INFO o.p.MainPage [main] Home page is open
2021-03-31 17:13:40,865 INFO o.p.MainPage [main] Open authorization page
2021-03-31 17:13:41,543 DEBUG o.p.AuthPage [main] Checking whether it is on the authorization pages
2021-03-31 17:13:41,788 DEBUG o.p.AuthPage [main] Filling in the E-mail field
2021-03-31 17:13:41,982 DEBUG o.p.AuthPage [main] Filling in the password field
2021-03-31 17:13:42,052 INFO o.p.AuthPage [main] Authorization passed
2021-03-31 17:13:43,846 DEBUG o.p.AuthPage [main] Checking the login to my profile
2021-03-31 17:13:43,846 INFO o.p.AuthPage [main] Authorization passed
2021-03-31 17:13:45,347 INFO o.p.MainPage [main] Go to my profile
2021-03-31 17:14:59,076 INFO o.d.DriverManager [main] Browser driver open
2021-03-31 17:15:01,625 INFO o.p.MainPage [main] Home page is open
2021-03-31 17:15:02,106 INFO o.p.MainPage [main] Open authorization page
2021-03-31 17:15:02,309 DEBUG o.p.AuthPage [main] Checking whether it is on the authorization pages
2021-03-31 17:15:02,753 DEBUG o.p.AuthPage [main] Filling in the E-mail field
2021-03-31 17:15:02,931 DEBUG o.p.AuthPage [main] Filling in the password field
2021-03-31 17:15:03,009 INFO o.p.AuthPage [main] Authorization passed
2021-03-31 17:15:05,351 DEBUG o.p.AuthPage [main] Checking the login to my profile
2021-03-31 17:15:05,351 INFO o.p.AuthPage [main] Authorization passed
2021-03-31 17:15:06,825 INFO o.p.MainPage [main] Go to my profile
2021-03-31 17:15:08,766 INFO o.d.DriverManager [main] Browser driver closed
2021-03-31 17:16:37,479 INFO o.d.DriverManager [main] Browser driver open
2021-03-31 17:16:39,917 INFO o.p.MainPage [main] Home page is open
2021-03-31 17:16:40,524 INFO o.p.MainPage [main] Open authorization page
2021-03-31 17:16:41,228 DEBUG o.p.AuthPage [main] Checking whether it is on the authorization pages
2021-03-31 17:16:41,472 DEBUG o.p.AuthPage [main] Filling in the E-mail field
2021-03-31 17:16:41,632 DEBUG o.p.AuthPage [main] Filling in the password field
2021-03-31 17:16:41,702 INFO o.p.AuthPage [main] Authorization passed
2021-03-31 17:16:44,940 DEBUG o.p.AuthPage [main] Checking the login to my profile
2021-03-31 17:16:44,940 INFO o.p.AuthPage [main] Authorization passed
2021-03-31 17:16:46,582 INFO o.p.MainPage [main] Go to my profile
2021-03-31 17:16:50,857 DEBUG o.p.ProfilePage [main] Checking data storage
2021-03-31 17:16:50,857 INFO o.p.ProfilePage [main] Data change successfully
2021-03-31 17:16:51,689 INFO o.d.DriverManager [main] Browser driver closed
2021-03-31 20:31:26,565 INFO o.d.DriverManager [main] Browser driver open
2021-03-31 20:31:28,652 INFO o.p.MainPage [main] Home page is open
2021-03-31 20:31:31,592 INFO o.d.DriverManager [main] Browser driver closed
2021-04-03 21:26:00,980 INFO o.d.DriverManager [main] Browser driver open
2021-04-03 21:26:03,978 INFO o.p.MainPage [main] Home page is open
2021-04-03 21:26:04,413 INFO o.p.MainPage [main] Open authorization page
2021-04-03 21:26:06,808 INFO o.d.DriverManager [main] Browser driver closed
2021-04-03 22:30:51,151 INFO o.d.DriverManager [main] Browser driver open
2021-04-03 22:30:53,515 INFO o.p.MainPage [main] Home page is open
2021-04-03 22:30:54,094 INFO o.p.MainPage [main] Open authorization page
2021-04-03 22:30:54,369 DEBUG o.p.AuthPage [main] Checking whether it is on the authorization pages
2021-04-03 22:30:54,606 DEBUG o.p.AuthPage [main] Filling in the E-mail field
2021-04-03 22:30:54,754 DEBUG o.p.AuthPage [main] Filling in the password field
2021-04-03 22:30:54,815 INFO o.p.AuthPage [main] Authorization passed
2021-04-03 22:30:56,451 DEBUG o.p.AuthPage [main] Checking the login to my profile
2021-04-03 22:30:56,451 INFO o.p.AuthPage [main] Authorization passed
2021-04-03 22:30:57,185 INFO o.d.DriverManager [main] Browser driver closed
2021-04-03 22:31:10,828 INFO o.d.DriverManager [main] Browser driver open
2021-04-03 22:31:13,129 INFO o.p.MainPage [main] Home page is open
2021-04-03 22:31:14,968 INFO o.p.MainPage [main] Testing course page is open
2021-04-03 22:31:35,779 INFO o.d.DriverManager [main] Browser driver closed
2021-04-03 22:33:05,772 INFO o.d.DriverManager [main] Browser driver open
2021-04-03 22:33:07,748 INFO o.p.MainPage [main] Home page is open
2021-04-03 22:33:09,577 INFO o.p.MainPage [main] Testing course page is open
2021-04-03 22:35:41,299 INFO o.d.DriverManager [main] Browser driver open
2021-04-03 22:35:43,144 INFO o.p.MainPage [main] Home page is open
2021-04-03 22:35:45,431 INFO o.p.MainPage [main] Testing course page is open
2021-04-03 22:37:03,829 INFO o.d.DriverManager [main] Browser driver open
2021-04-03 22:37:05,574 INFO o.p.MainPage [main] Home page is open
2021-04-03 22:37:07,405 INFO o.p.MainPage [main] Testing course page is open
2021-04-03 22:37:19,044 INFO o.d.DriverManager [main] Browser driver closed
2021-04-03 22:38:01,856 INFO o.d.DriverManager [main] Browser driver open
2021-04-03 22:38:03,843 INFO o.p.MainPage [main] Home page is open
2021-04-03 22:38:05,655 INFO o.p.MainPage [main] Testing course page is open
2021-04-03 22:38:06,915 INFO o.d.DriverManager [main] Browser driver closed
2021-04-03 22:39:16,401 INFO o.d.DriverManager [main] Browser driver open
2021-04-03 22:39:18,704 INFO o.p.MainPage [main] Home page is open
2021-04-03 22:39:20,813 INFO o.p.MainPage [main] Testing course page is open
2021-04-03 22:39:21,697 INFO o.d.DriverManager [main] Browser driver closed
2021-04-03 22:43:27,516 INFO o.d.DriverManager [main] Browser driver open
2021-04-03 22:43:29,779 INFO o.p.MainPage [main] Home page is open
2021-04-03 22:43:30,474 INFO o.p.MainPage [main] Open authorization page
2021-04-03 22:43:31,109 DEBUG o.p.AuthPage [main] Checking whether it is on the authorization pages
2021-04-03 22:43:31,354 DEBUG o.p.AuthPage [main] Filling in the E-mail field
2021-04-03 22:43:31,509 DEBUG o.p.AuthPage [main] Filling in the password field
2021-04-03 22:43:31,574 INFO o.p.AuthPage [main] Authorization passed
2021-04-03 22:43:33,055 DEBUG o.p.AuthPage [main] Checking the login to my profile
2021-04-03 22:43:33,055 INFO o.p.AuthPage [main] Authorization passed
2021-04-03 22:43:34,523 INFO o.p.MainPage [main] Go to my profile
2021-04-03 22:43:35,559 DEBUG o.p.ProfilePage [main] Filing in the lastin last name field
2021-04-03 22:43:35,717 DEBUG o.p.ProfilePage [main] Filing in the latin first name field
2021-04-03 22:43:36,971 DEBUG o.p.ProfilePage [main] Checking data storage
2021-04-03 22:43:36,971 INFO o.p.ProfilePage [main] Data change successfully
2021-04-03 22:43:39,084 INFO o.d.DriverManager [main] Browser driver closed
2021-04-03 22:44:02,242 INFO o.d.DriverManager [main] Browser driver open
2021-04-03 22:44:03,944 INFO o.p.MainPage [main] Home page is open
2021-04-03 22:44:04,537 INFO o.p.MainPage [main] Open authorization page
2021-04-03 22:44:04,787 DEBUG o.p.AuthPage [main] Checking whether it is on the authorization pages
2021-04-03 22:44:05,027 DEBUG o.p.AuthPage [main] Filling in the E-mail field
2021-04-03 22:44:05,190 DEBUG o.p.AuthPage [main] Filling in the password field
2021-04-03 22:44:05,259 INFO o.p.AuthPage [main] Authorization passed
2021-04-03 22:44:06,881 DEBUG o.p.AuthPage [main] Checking the login to my profile
2021-04-03 22:44:06,881 INFO o.p.AuthPage [main] Authorization passed
2021-04-03 22:44:08,915 INFO o.p.MainPage [main] Go to my profile
2021-04-03 22:44:10,164 DEBUG o.p.ProfilePage [main] Adding an additional contact
2021-04-03 22:44:10,650 DEBUG o.p.ProfilePage [main] Adding an additional contact
2021-04-03 22:44:11,915 DEBUG o.p.ProfilePage [main] Checking data storage
2021-04-03 22:44:11,915 INFO o.p.ProfilePage [main] Data change successfully
2021-04-03 22:44:16,908 INFO o.d.DriverManager [main] Browser driver closed
2021-04-03 22:44:38,405 INFO o.d.DriverManager [main] Browser driver open
2021-04-03 22:44:40,200 INFO o.p.MainPage [main] Home page is open
2021-04-03 22:44:40,743 INFO o.p.MainPage [main] Open authorization page
2021-04-03 22:44:41,000 DEBUG o.p.AuthPage [main] Checking whether it is on the authorization pages
2021-04-03 22:44:41,237 DEBUG o.p.AuthPage [main] Filling in the E-mail field
2021-04-03 22:44:41,395 DEBUG o.p.AuthPage [main] Filling in the password field
2021-04-03 22:44:41,462 INFO o.p.AuthPage [main] Authorization passed
2021-04-03 22:44:43,745 DEBUG o.p.AuthPage [main] Checking the login to my profile
2021-04-03 22:44:43,745 INFO o.p.AuthPage [main] Authorization passed
2021-04-03 22:44:45,276 INFO o.p.MainPage [main] Go to my profile
2021-04-03 22:44:56,673 INFO o.d.DriverManager [main] Browser driver closed
2021-04-03 22:45:32,687 INFO o.d.DriverManager [main] Browser driver open
2021-04-03 22:45:34,431 INFO o.p.MainPage [main] Home page is open
2021-04-03 22:45:34,987 INFO o.p.MainPage [main] Open authorization page
2021-04-03 22:45:35,260 DEBUG o.p.AuthPage [main] Checking whether it is on the authorization pages
2021-04-03 22:45:35,493 DEBUG o.p.AuthPage [main] Filling in the E-mail field
2021-04-03 22:45:35,651 DEBUG o.p.AuthPage [main] Filling in the password field
2021-04-03 22:45:35,718 INFO o.p.AuthPage [main] Authorization passed
2021-04-03 22:45:37,646 DEBUG o.p.AuthPage [main] Checking the login to my profile
2021-04-03 22:45:37,647 INFO o.p.AuthPage [main] Authorization passed
2021-04-03 22:45:39,414 INFO o.p.MainPage [main] Go to my profile
2021-04-03 22:46:29,819 INFO o.d.DriverManager [main] Browser driver open
2021-04-03 22:46:31,520 INFO o.p.MainPage [main] Home page is open
2021-04-03 22:46:32,065 INFO o.p.MainPage [main] Open authorization page
2021-04-03 22:46:32,428 DEBUG o.p.AuthPage [main] Checking whether it is on the authorization pages
2021-04-03 22:46:32,660 DEBUG o.p.AuthPage [main] Filling in the E-mail field
2021-04-03 22:46:32,814 DEBUG o.p.AuthPage [main] Filling in the password field
2021-04-03 22:46:32,876 INFO o.p.AuthPage [main] Authorization passed
2021-04-03 22:46:34,408 DEBUG o.p.AuthPage [main] Checking the login to my profile
2021-04-03 22:46:34,409 INFO o.p.AuthPage [main] Authorization passed
2021-04-03 22:46:35,778 INFO o.p.MainPage [main] Go to my profile
2021-04-03 22:46:56,971 INFO o.d.DriverManager [main] Browser driver closed
2021-04-03 22:47:47,512 INFO o.d.DriverManager [main] Browser driver open
2021-04-03 22:47:49,170 INFO o.p.MainPage [main] Home page is open
2021-04-03 22:47:49,675 INFO o.p.MainPage [main] Open authorization page
2021-04-03 22:47:50,011 DEBUG o.p.AuthPage [main] Checking whether it is on the authorization pages
2021-04-03 22:47:50,238 DEBUG o.p.AuthPage [main] Filling in the E-mail field
2021-04-03 22:47:50,385 DEBUG o.p.AuthPage [main] Filling in the password field
2021-04-03 22:47:50,445 INFO o.p.AuthPage [main] Authorization passed
2021-04-03 22:47:52,490 DEBUG o.p.AuthPage [main] Checking the login to my profile
2021-04-03 22:47:52,491 INFO o.p.AuthPage [main] Authorization passed
2021-04-03 22:47:53,991 INFO o.p.MainPage [main] Go to my profile
2021-04-03 22:48:09,388 INFO o.d.DriverManager [main] Browser driver closed
2021-04-03 22:50:55,397 INFO o.d.DriverManager [main] Browser driver open
2021-04-03 22:50:57,259 INFO o.p.MainPage [main] Home page is open
2021-04-03 22:50:57,848 INFO o.p.MainPage [main] Open authorization page
2021-04-03 22:50:58,118 DEBUG o.p.AuthPage [main] Checking whether it is on the authorization pages
2021-04-03 22:50:58,348 DEBUG o.p.AuthPage [main] Filling in the E-mail field
2021-04-03 22:50:58,504 DEBUG o.p.AuthPage [main] Filling in the password field
2021-04-03 22:50:58,566 INFO o.p.AuthPage [main] Authorization passed
2021-04-03 22:51:00,092 DEBUG o.p.AuthPage [main] Checking the login to my profile
2021-04-03 22:51:00,093 INFO o.p.AuthPage [main] Authorization passed
2021-04-03 22:51:02,000 INFO o.p.MainPage [main] Go to my profile
2021-04-03 22:51:05,458 DEBUG o.p.ProfilePage [main] Checking data storage
2021-04-03 22:51:05,458 INFO o.p.ProfilePage [main] Data change successfully
2021-04-03 22:51:06,210 INFO o.d.DriverManager [main] Browser driver closed
